Initialize:
Build docker image(data1):
Step 0 : FROM ubuntu:14.04
 ---> 5506de2b643b
Step 1 : MAINTAINER shigeyuki.fujishima_at_gmail.com
 ---> Using cache
 ---> 9e7a84d655af
Step 2 : ENV DEBIAN_FRONTEND noninteractive
 ---> Using cache
 ---> f578884b210a
Step 3 : ENV APP_CONTAINER_NAME app1
 ---> Using cache
 ---> b1b8bf38a92d
Step 4 : ENV DATA_CONTAINER_NAME data1
 ---> Using cache
 ---> 22f8ca58b40f
Step 5 : RUN locale-gen en_US.UTF-8
 ---> Using cache
 ---> eaee36be8744
Step 6 : RUN update-locale LANG=en_US.UTF-8
 ---> Using cache
 ---> f8db16b565cc
Step 7 : RUN dpkg-reconfigure locales
 ---> Using cache
 ---> 21aad1b7e934
Step 8 : ENV LANG en_US.UTF-8
 ---> Using cache
 ---> f360b52a4602
Step 9 : ENV LC_ALL en_US.UTF-8
 ---> Using cache
 ---> e22e7e4101c6
Successfully built e22e7e4101c6

Build docker image(app1):
Step 0 : FROM ubuntu:14.04
 ---> 5506de2b643b
Step 1 : MAINTAINER shigeyuki.fujishima_at_gmail.com
 ---> Running in e8a51dd9077f
 ---> 407dd23100cd
Removing intermediate container e8a51dd9077f
Step 2 : ENV DEBIAN_FRONTEND noninteractive
 ---> Running in ff2c2f2b0158
 ---> d57648472cd6
Removing intermediate container ff2c2f2b0158
Step 3 : ENV APP_CONTAINER_NAME app1
 ---> Running in 3dfc95f6c54f
 ---> c466c1a14af2
Removing intermediate container 3dfc95f6c54f
Step 4 : ENV DATA_CONTAINER_NAME data1
 ---> Running in bebe2bb64890
 ---> 0dcc436388ce
Removing intermediate container bebe2bb64890
Step 5 : RUN locale-gen en_US.UTF-8       && update-locale LANG=en_US.UTF-8       && dpkg-reconfigure locales
 ---> Running in 9b170e8abb19
 ---> dfbb79ca9cb3
Removing intermediate container 9b170e8abb19
Step 6 : ENV LANG en_US.UTF-8
 ---> Running in 25124ad0e8da
 ---> d0d296854c39
Removing intermediate container 25124ad0e8da
Step 7 : ENV LC_ALL en_US.UTF-8
 ---> Running in ac1b09a5030d
 ---> 06becde8c511
Removing intermediate container ac1b09a5030d
Step 8 : EXPOSE 80 2812
 ---> Running in 6cefc72fbbd6
 ---> a70e338bb1b4
Removing intermediate container 6cefc72fbbd6
Step 9 : RUN echo "nameserver 8.8.8.8" >> /etc/resolvconf/resolv.conf.d/base
 ---> Running in bd74e6a83ded
 ---> af6ad7d036b5
Removing intermediate container bd74e6a83ded
Step 10 : ADD jp.sources.list /etc/apt/sources.list
 ---> bd10c364315c
Removing intermediate container a5cffb5df607
Step 11 : RUN apt-get -qq update && apt-get -qq -y upgrade       && apt-get -qq -y install python-software-properties software-properties-common       && add-apt-repository ppa:nginx/stable
 ---> Running in 3e21d06fa2b6
 ---> 3898e9e33861
Removing intermediate container 3e21d06fa2b6
Step 12 : RUN apt-get -qq update && apt-get -qq -y upgrade       && apt-get -qq -y install       nginx       monit       re2c       php5       php5-cli       php5-fpm       php5-mysql       php5-odbc       php5-pgsql       php5-sqlite       php-aws-sdk       php5-apcu       php5-imagick       php5-intl       php5-memcache       php5-memcached       php5-xsl       liboauth-php       libssh2-php       php5-oauth       php5-gd       php5-xmlrpc       php5-dev       php5-mcrypt       mcrypt       php5-mcrypt       uuid-dev       && apt-get -qq -y install php5-mysqlnd       && pecl -q install uuid igbinary       && mkdir -p /tmp/apt-get-source/       && cd $_       && apt-get -qq source php5       && cd $(find $(pwd) -type d -name "*php5*")/ext/pcntl       && phpize       && ./configure -q       && make       && make install
 ---> Running in b84063cb26bf
